<?xml version="1.0" encoding="UTF-8"?>
<testsuite xmlns:xsi="http://www.w3.org/2001/XMLSchema-instance" xsi:schemaLocation="https://maven.apache.org/surefire/maven-surefire-plugin/xsd/surefire-test-report.xsd" name="ua.lviv.iot.Studio.manager.StudioManagerImplTest" time="0.376" tests="3" errors="0" skipped="0" failures="0">
  <properties>
[...]
</properties>
  <testcase name="findEquipmentForHistoricalMovie" classname="ua.lviv.iot.Studio.manager.StudioManagerImplTest" time="0.052"/>
  <testcase name="sortEquipmentById" classname="ua.lviv.iot.Studio.manager.StudioManagerImplTest" time="0.036"/>
  <testcase name="sortEquipmentByPrice" classname="ua.lviv.iot.Studio.manager.StudioManagerImplTest" time="0.002"/>
</testsuite>